<?xml version="1.0" encoding="UTF-8"?>
<!-- Generated by org.testng.reporters.JUnitReportReporter -->
<testsuite hostname="DESKTOP-LP094W" failures="0" tests="8" name="QA_FOX_S.Login" time="58.396" errors="0" timestamp="2026-04-29T15:43:31 IST" skipped="0">
  <testcase classname="QA_FOX_S.Login" name="Login" time="6.877"/>
  <testcase classname="QA_FOX_S.Login" name="Login" time="8.504"/>
  <testcase classname="QA_FOX_S.Login" name="Login" time="8.349"/>
  <testcase classname="QA_FOX_S.Login" name="Login" time="7.678"/>
  <testcase classname="QA_FOX_S.Login" name="Login" time="6.813"/>
  <testcase classname="QA_FOX_S.Login" name="Login2" time="6.745"/>
  <testcase classname="QA_FOX_S.Login" name="Login2" time="7.950"/>
  <testcase classname="QA_FOX_S.Login" name="Login2" time="5.480"/>
</testsuite> <!-- QA_FOX_S.Login -->
