<?xml version="1.0" encoding="UTF-8"?>
<!-- Generated by org.testng.reporters.JUnitReportReporter -->
<testsuite hostname="DESKTOP-LP094W" failures="0" tests="8" name="QA_FOX.Login" time="89.738" errors="0" timestamp="2026-04-29T15:08:22 IST" skipped="0">
  <testcase classname="QA_FOX.Login" name="Login" time="12.685"/>
  <testcase classname="QA_FOX.Login" name="Login" time="10.930"/>
  <testcase classname="QA_FOX.Login" name="Login" time="11.992"/>
  <testcase classname="QA_FOX.Login" name="Login" time="12.763"/>
  <testcase classname="QA_FOX.Login" name="Login" time="10.930"/>
  <testcase classname="QA_FOX.Login" name="Login2" time="10.948"/>
  <testcase classname="QA_FOX.Login" name="Login2" time="9.164"/>
  <testcase classname="QA_FOX.Login" name="Login2" time="10.326"/>
</testsuite> <!-- QA_FOX.Login -->
