<?xml version="1.0" encoding="UTF-8"?>
<!-- Generated by org.testng.reporters.JUnitReportReporter -->
<testsuite hostname="DESKTOP-LP094W" failures="0" tests="12" name="testngpractice.groupby" time="0.024" errors="0" timestamp="2026-04-17T13:29:46 IST" skipped="0">
  <testcase classname="testngpractice.groupby" name="a" time="0.001"/>
  <testcase classname="testngpractice.groupby" name="a5" time="0.001"/>
  <testcase classname="testngpractice.groupby" name="a1" time="0.001"/>
  <testcase classname="testngpractice.groupby" name="AS" time="0.012"/>
  <testcase classname="testngpractice.groupby" name="AS2" time="0.001"/>
  <testcase classname="testngpractice.groupby" name="AS3" time="0.001"/>
  <testcase classname="testngpractice.groupby" name="a3" time="0.001"/>
  <testcase classname="testngpractice.groupby" name="a2" time="0.001"/>
  <testcase classname="testngpractice.groupby" name="a4" time="0.001"/>
  <testcase classname="testngpractice.groupby" name="a6" time="0.001"/>
  <testcase classname="testngpractice.groupby" name="AS1" time="0.001"/>
  <testcase classname="testngpractice.groupby" name="a21" time="0.002"/>
</testsuite> <!-- testngpractice.groupby -->
