<?xml version="1.0" encoding="UTF-8"?>
<testng-results ignored="0" total="3" passed="3" failed="0" skipped="0">
  <reporter-output>
  </reporter-output>
  <suite started-at="2026-04-29T06:27:13 IST" name="Default suite" finished-at="2026-04-29T06:27:34 IST" duration-ms="21590">
    <groups>
    </groups>
    <test started-at="2026-04-29T06:27:13 IST" name="Default test" finished-at="2026-04-29T06:27:34 IST" duration-ms="21590">
      <class name="Logging.Logging_demoblaze">
        <test-method is-config="true" signature="setup()[pri:0, instance:Logging.Logging_demoblaze@2e2ff723]" started-at="2026-04-29T06:27:14 IST" name="setup" finished-at="2026-04-29T06:27:19 IST" duration-ms="5304" status="PASS">
          <reporter-output>
          </reporter-output>
        </test-method> <!-- setup -->
        <test-method signature="loginTest(java.lang.String,java.lang.String)[pri:0, instance:Logging.Logging_demoblaze@2e2ff723]" started-at="2026-04-29T06:27:19 IST" name="loginTest" data-provider="excel" finished-at="2026-04-29T06:27:21 IST" duration-ms="2005" status="PASS">
          <params>
            <param index="0">
              <value>
                <![CDATA[admin]]>
              </value>
            </param>
            <param index="1">
              <value>
                <![CDATA[admin123]]>
              </value>
            </param>
          </params>
          <reporter-output>
          </reporter-output>
        </test-method> <!-- loginTest -->
        <test-method is-config="true" signature="tearDown()[pri:0, instance:Logging.Logging_demoblaze@2e2ff723]" started-at="2026-04-29T06:27:21 IST" name="tearDown" finished-at="2026-04-29T06:27:21 IST" duration-ms="245" status="PASS">
          <reporter-output>
          </reporter-output>
        </test-method> <!-- tearDown -->
        <test-method is-config="true" signature="setup()[pri:0, instance:Logging.Logging_demoblaze@2e2ff723]" started-at="2026-04-29T06:27:21 IST" name="setup" finished-at="2026-04-29T06:27:26 IST" duration-ms="5086" status="PASS">
          <reporter-output>
          </reporter-output>
        </test-method> <!-- setup -->
        <test-method signature="loginTest(java.lang.String,java.lang.String)[pri:0, instance:Logging.Logging_demoblaze@2e2ff723]" started-at="2026-04-29T06:27:26 IST" name="loginTest" data-provider="excel" finished-at="2026-04-29T06:27:29 IST" duration-ms="2549" status="PASS">
          <params>
            <param index="0">
              <value>
                <![CDATA[arasu]]>
              </value>
            </param>
            <param index="1">
              <value>
                <![CDATA[arasu]]>
              </value>
            </param>
          </params>
          <reporter-output>
          </reporter-output>
        </test-method> <!-- loginTest -->
        <test-method is-config="true" signature="tearDown()[pri:0, instance:Logging.Logging_demoblaze@2e2ff723]" started-at="2026-04-29T06:27:29 IST" name="tearDown" finished-at="2026-04-29T06:27:29 IST" duration-ms="179" status="PASS">
          <reporter-output>
          </reporter-output>
        </test-method> <!-- tearDown -->
        <test-method is-config="true" signature="setup()[pri:0, instance:Logging.Logging_demoblaze@2e2ff723]" started-at="2026-04-29T06:27:29 IST" name="setup" finished-at="2026-04-29T06:27:33 IST" duration-ms="3779" status="PASS">
          <reporter-output>
          </reporter-output>
        </test-method> <!-- setup -->
        <test-method signature="loginTest(java.lang.String,java.lang.String)[pri:0, instance:Logging.Logging_demoblaze@2e2ff723]" started-at="2026-04-29T06:27:33 IST" name="loginTest" data-provider="excel" finished-at="2026-04-29T06:27:34 IST" duration-ms="1306" status="PASS">
          <params>
            <param index="0">
              <value>
                <![CDATA[kumar]]>
              </value>
            </param>
            <param index="1">
              <value>
                <![CDATA[kumar123]]>
              </value>
            </param>
          </params>
          <reporter-output>
          </reporter-output>
        </test-method> <!-- loginTest -->
        <test-method is-config="true" signature="tearDown()[pri:0, instance:Logging.Logging_demoblaze@2e2ff723]" started-at="2026-04-29T06:27:34 IST" name="tearDown" finished-at="2026-04-29T06:27:34 IST" duration-ms="197" status="PASS">
          <reporter-output>
          </reporter-output>
        </test-method> <!-- tearDown -->
      </class> <!-- Logging.Logging_demoblaze -->
    </test> <!-- Default test -->
  </suite> <!-- Default suite -->
</testng-results>
