<?xml version="1.0" encoding="UTF-8"?>
<testng-results ignored="0" total="2" passed="2" failed="0" skipped="0">
  <reporter-output>
  </reporter-output>
  <suite started-at="2026-04-22T14:31:54 IST" name="Failed suite [Default suite]" finished-at="2026-04-22T14:32:09 IST" duration-ms="15017">
    <groups>
    </groups>
    <test started-at="2026-04-22T14:31:54 IST" name="Default test(failed)" finished-at="2026-04-22T14:32:09 IST" duration-ms="15017">
      <class name="Logging.Logging_demoblaze">
        <test-method is-config="true" signature="setup()[pri:0, instance:Logging.Logging_demoblaze@6187d1f5]" started-at="2026-04-22T14:31:55 IST" name="setup" finished-at="2026-04-22T14:32:02 IST" duration-ms="6463" status="PASS">
          <reporter-output>
          </reporter-output>
        </test-method> <!-- setup -->
        <test-method signature="loginTest(java.lang.String,java.lang.String)[pri:0, instance:Logging.Logging_demoblaze@6187d1f5]" started-at="2026-04-22T14:32:02 IST" name="loginTest" data-provider="excel" finished-at="2026-04-22T14:32:04 IST" duration-ms="1841" status="PASS">
          <params>
            <param index="0">
              <value>
                <![CDATA[admin]]>
              </value>
            </param>
            <param index="1">
              <value>
                <![CDATA[admin123]]>
              </value>
            </param>
          </params>
          <reporter-output>
          </reporter-output>
        </test-method> <!-- loginTest -->
        <test-method is-config="true" signature="tearDown()[pri:0, instance:Logging.Logging_demoblaze@6187d1f5]" started-at="2026-04-22T14:32:04 IST" name="tearDown" finished-at="2026-04-22T14:32:04 IST" duration-ms="227" status="PASS">
          <reporter-output>
          </reporter-output>
        </test-method> <!-- tearDown -->
        <test-method is-config="true" signature="setup()[pri:0, instance:Logging.Logging_demoblaze@6187d1f5]" started-at="2026-04-22T14:32:04 IST" name="setup" finished-at="2026-04-22T14:32:07 IST" duration-ms="3355" status="PASS">
          <reporter-output>
          </reporter-output>
        </test-method> <!-- setup -->
        <test-method signature="loginTest(java.lang.String,java.lang.String)[pri:0, instance:Logging.Logging_demoblaze@6187d1f5]" started-at="2026-04-22T14:32:07 IST" name="loginTest" data-provider="excel" finished-at="2026-04-22T14:32:09 IST" duration-ms="2165" status="PASS">
          <params>
            <param index="0">
              <value>
                <![CDATA[kumar]]>
              </value>
            </param>
            <param index="1">
              <value>
                <![CDATA[kumar123]]>
              </value>
            </param>
          </params>
          <reporter-output>
          </reporter-output>
        </test-method> <!-- loginTest -->
        <test-method is-config="true" signature="tearDown()[pri:0, instance:Logging.Logging_demoblaze@6187d1f5]" started-at="2026-04-22T14:32:09 IST" name="tearDown" finished-at="2026-04-22T14:32:09 IST" duration-ms="190" status="PASS">
          <reporter-output>
          </reporter-output>
        </test-method> <!-- tearDown -->
      </class> <!-- Logging.Logging_demoblaze -->
    </test> <!-- Default test(failed) -->
  </suite> <!-- Failed suite [Default suite] -->
</testng-results>
