<?xml version="1.0" encoding="UTF-8"?>
<!-- Generated by org.testng.reporters.JUnitXMLReporter -->
<testsuite ignored="0" hostname="DESKTOP-LP094W" failures="0" tests="3" name="Default test" time="19.101" errors="0" timestamp="2026-04-22T12:31:42 IST">
  <testcase classname="Logging.Logging_demoblaze" name="loginTest" time="1.807"/>
  <testcase classname="Logging.Logging_demoblaze" name="loginTest" time="2.723"/>
  <testcase classname="Logging.Logging_demoblaze" name="loginTest" time="0.89"/>
</testsuite> <!-- Default test -->
