<?xml version="1.0" encoding="UTF-8"?>
<!-- Generated by org.testng.reporters.JUnitReportReporter -->
<testsuite hostname="DESKTOP-LP094W" failures="0" tests="3" name="Logging.Logging_demoblaze" time="18.330" errors="0" timestamp="2026-04-22T12:31:42 IST" skipped="0">
  <testcase classname="Logging.Logging_demoblaze" name="loginTest" time="5.894"/>
  <testcase classname="Logging.Logging_demoblaze" name="loginTest" time="5.784"/>
  <testcase classname="Logging.Logging_demoblaze" name="loginTest" time="6.652"/>
</testsuite> <!-- Logging.Logging_demoblaze -->
