<?xml version="1.0" encoding="UTF-8"?>
<!-- Generated by org.testng.reporters.JUnitReportReporter -->
<testsuite hostname="DESKTOP-LP094W" failures="0" tests="3" name="Dataprovides_clas" time="10.891" errors="0" timestamp="2026-04-20T15:22:22 IST" skipped="0">
  <testcase classname="Dataprovides_clas" name="Search" time="3.902"/>
  <testcase classname="Dataprovides_clas" name="Search" time="3.814"/>
  <testcase classname="Dataprovides_clas" name="Search" time="3.175"/>
</testsuite> <!-- Dataprovides_clas -->
