<?xml version="1.0" encoding="UTF-8"?>
<!-- Generated by org.testng.reporters.JUnitReportReporter -->
<testsuite hostname="DESKTOP-LP094W" failures="0" tests="3" name="tutorialsninja.QA_Fox" time="14.860" errors="0" timestamp="2026-04-22T08:11:22 IST" skipped="0">
  <testcase classname="tutorialsninja.QA_Fox" name="f" time="4.515"/>
  <testcase classname="tutorialsninja.QA_Fox" name="f" time="4.419"/>
  <testcase classname="tutorialsninja.QA_Fox" name="f" time="5.926"/>
</testsuite> <!-- tutorialsninja.QA_Fox -->
