<?xml version="1.0" encoding="UTF-8"?>
<!-- Generated by org.testng.reporters.JUnitReportReporter -->
<testsuite hostname="DESKTOP-LP094W" failures="0" tests="3" name="Logging.Logging_demoblaze" time="20.650" errors="0" timestamp="2026-04-29T06:27:35 IST" skipped="0">
  <testcase classname="Logging.Logging_demoblaze" name="loginTest" time="5.981"/>
  <testcase classname="Logging.Logging_demoblaze" name="loginTest" time="6.855"/>
  <testcase classname="Logging.Logging_demoblaze" name="loginTest" time="7.814"/>
</testsuite> <!-- Logging.Logging_demoblaze -->
