<?xml version="1.0" encoding="UTF-8"?>
<!-- Generated by org.testng.reporters.JUnitReportReporter -->
<testsuite hostname="DESKTOP-LP094W" failures="0" tests="3" name="RunnerClass_demoblaze.TestNg_runner" time="0.068" errors="3" timestamp="2026-05-05T12:40:12 IST" skipped="0">
  <testcase classname="RunnerClass_demoblaze.TestNg_runner" name="runScenario" time="0.057">
    <error message="The step &#039;user is on Homepage&#039; and 3 other step(s) are undefined.
You can implement these steps using the snippet(s) below:

@Given(&quot;user is on Homepage&quot;)
public void user_is_on_homepage() {
    // Write code here that turns the phrase above into concrete actions
    throw new io.cucumber.java.PendingException();
}
@When(&quot;user enter username as {string} and password as {string}&quot;)
public void user_enter_username_as_and_password_as(String string, String string2) {
    // Write code here that turns the phrase above into concrete actions
    throw new io.cucumber.java.PendingException();
}
@When(&quot;User clicks on the login button&quot;)
public void user_clicks_on_the_login_button() {
    // Write code here that turns the phrase above into concrete actions
    throw new io.cucumber.java.PendingException();
}
@Then(&quot;the error message seen as {string}&quot;)
public void the_error_message_seen_as(String string) {
    // Write code here that turns the phrase above into concrete actions
    throw new io.cucumber.java.PendingException();
}
" type="io.cucumber.testng.UndefinedStepException">
      <![CDATA[io.cucumber.testng.UndefinedStepException: The step 'user is on Homepage' and 3 other step(s) are undefined.
You can implement these steps using the snippet(s) below:

@Given("user is on Homepage")
public void user_is_on_homepage() {
    // Write code here that turns the phrase above into concrete actions
    throw new io.cucumber.java.PendingException();
}
@When("user enter username as {string} and password as {string}")
public void user_enter_username_as_and_password_as(String string, String string2) {
    // Write code here that turns the phrase above into concrete actions
    throw new io.cucumber.java.PendingException();
}
@When("User clicks on the login button")
public void user_clicks_on_the_login_button() {
    // Write code here that turns the phrase above into concrete actions
    throw new io.cucumber.java.PendingException();
}
@Then("the error message seen as {string}")
public void the_error_message_seen_as(String string) {
    // Write code here that turns the phrase above into concrete actions
    throw new io.cucumber.java.PendingException();
}

at ✽.user is on Homepage(file:///D:/New%20Workspace/Cucumber_Practice/src/test/resources/Scenariodata_demoblaze/login1.feature:4)
]]>
    </error>
  </testcase> <!-- runScenario -->
  <testcase classname="RunnerClass_demoblaze.TestNg_runner" name="runScenario" time="0.006">
    <error message="The step &#039;user is on Homepage&#039; and 3 other step(s) are undefined.
You can implement these steps using the snippet(s) below:

@Given(&quot;user is on Homepage&quot;)
public void user_is_on_homepage() {
    // Write code here that turns the phrase above into concrete actions
    throw new io.cucumber.java.PendingException();
}
@When(&quot;user enter username as {string} and password as {string}&quot;)
public void user_enter_username_as_and_password_as(String string, String string2) {
    // Write code here that turns the phrase above into concrete actions
    throw new io.cucumber.java.PendingException();
}
@When(&quot;User clicks on the login button&quot;)
public void user_clicks_on_the_login_button() {
    // Write code here that turns the phrase above into concrete actions
    throw new io.cucumber.java.PendingException();
}
@Then(&quot;the error message seen as {string}&quot;)
public void the_error_message_seen_as(String string) {
    // Write code here that turns the phrase above into concrete actions
    throw new io.cucumber.java.PendingException();
}
" type="io.cucumber.testng.UndefinedStepException">
      <![CDATA[io.cucumber.testng.UndefinedStepException: The step 'user is on Homepage' and 3 other step(s) are undefined.
You can implement these steps using the snippet(s) below:

@Given("user is on Homepage")
public void user_is_on_homepage() {
    // Write code here that turns the phrase above into concrete actions
    throw new io.cucumber.java.PendingException();
}
@When("user enter username as {string} and password as {string}")
public void user_enter_username_as_and_password_as(String string, String string2) {
    // Write code here that turns the phrase above into concrete actions
    throw new io.cucumber.java.PendingException();
}
@When("User clicks on the login button")
public void user_clicks_on_the_login_button() {
    // Write code here that turns the phrase above into concrete actions
    throw new io.cucumber.java.PendingException();
}
@Then("the error message seen as {string}")
public void the_error_message_seen_as(String string) {
    // Write code here that turns the phrase above into concrete actions
    throw new io.cucumber.java.PendingException();
}

at ✽.user is on Homepage(file:///D:/New%20Workspace/Cucumber_Practice/src/test/resources/Scenariodata_demoblaze/login1.feature:4)
]]>
    </error>
  </testcase> <!-- runScenario -->
  <testcase classname="RunnerClass_demoblaze.TestNg_runner" name="runScenario" time="0.005">
    <error message="The step &#039;user is on Homepage&#039; and 3 other step(s) are undefined.
You can implement these steps using the snippet(s) below:

@Given(&quot;user is on Homepage&quot;)
public void user_is_on_homepage() {
    // Write code here that turns the phrase above into concrete actions
    throw new io.cucumber.java.PendingException();
}
@When(&quot;user enter username as {string} and password as {string}&quot;)
public void user_enter_username_as_and_password_as(String string, String string2) {
    // Write code here that turns the phrase above into concrete actions
    throw new io.cucumber.java.PendingException();
}
@When(&quot;User clicks on the login button&quot;)
public void user_clicks_on_the_login_button() {
    // Write code here that turns the phrase above into concrete actions
    throw new io.cucumber.java.PendingException();
}
@Then(&quot;the error message seen as {string}&quot;)
public void the_error_message_seen_as(String string) {
    // Write code here that turns the phrase above into concrete actions
    throw new io.cucumber.java.PendingException();
}
" type="io.cucumber.testng.UndefinedStepException">
      <![CDATA[io.cucumber.testng.UndefinedStepException: The step 'user is on Homepage' and 3 other step(s) are undefined.
You can implement these steps using the snippet(s) below:

@Given("user is on Homepage")
public void user_is_on_homepage() {
    // Write code here that turns the phrase above into concrete actions
    throw new io.cucumber.java.PendingException();
}
@When("user enter username as {string} and password as {string}")
public void user_enter_username_as_and_password_as(String string, String string2) {
    // Write code here that turns the phrase above into concrete actions
    throw new io.cucumber.java.PendingException();
}
@When("User clicks on the login button")
public void user_clicks_on_the_login_button() {
    // Write code here that turns the phrase above into concrete actions
    throw new io.cucumber.java.PendingException();
}
@Then("the error message seen as {string}")
public void the_error_message_seen_as(String string) {
    // Write code here that turns the phrase above into concrete actions
    throw new io.cucumber.java.PendingException();
}

at ✽.user is on Homepage(file:///D:/New%20Workspace/Cucumber_Practice/src/test/resources/Scenariodata_demoblaze/login1.feature:4)
]]>
    </error>
  </testcase> <!-- runScenario -->
</testsuite> <!-- RunnerClass_demoblaze.TestNg_runner -->
