<?xml version="1.0" encoding="UTF-8"?>
<!-- Generated by org.testng.reporters.JUnitXMLReporter -->
<testsuite ignored="0" hostname="DESKTOP-LP094W" failures="1" tests="3" name="Login Test" time="5.621" errors="0" timestamp="2026-04-20T14:44:54 IST">
  <testcase classname="Demoblaze_application" name="loginTest" time="0.564"/>
  <testcase classname="Demoblaze_application" name="invalidTest" time="0.804">
    <failure type="org.openqa.selenium.StaleElementReferenceException" message="stale element reference: stale element not found
  (Session info: MicrosoftEdge=147.0.3912.72)
For documentation on this error, please visit: https://www.selenium.dev/documentation/webdriver/troubleshooting/errors#staleelementreferenceexception
Build info: version: &amp;apos;4.43.0&amp;apos;, revision: &amp;apos;dd0f534&amp;apos;
System info: os.name: &amp;apos;Windows 11&amp;apos;, os.arch: &amp;apos;amd64&amp;apos;, os.version: &amp;apos;10.0&amp;apos;, java.version: &amp;apos;21.0.9&amp;apos;
Driver info: org.openqa.selenium.edge.EdgeDriver
Command: [1336f09335357c43ce6c5c7fce03442b, clickElement {id=f.EC5D7B3BD956E95432F09ED157CBF20C.d.57F611D3F0B10F48AA4471CD1E8D3D26.e.40}]
Capabilities {acceptInsecureCerts: false, browserName: MicrosoftEdge, browserVersion: 147.0.3912.72, fedcm:accounts: true, goog:processID: 14460, ms:edgeOptions: {debuggerAddress: localhost:55168}, msedge: {msedgedriverVersion: 147.0.3912.72 (d4380ba2b9dc..., userDataDir: C:\Users\TAMILA~1\AppData\L...}, networkConnectionEnabled: false, pageLoadStrategy: normal, platformName: windows, proxy: Proxy(), se:cdp: ws://localhost:55168/devtoo..., se:cdpVersion: 147.0.3912.72, setWindowRect: true, strictFileInteractability: false, timeouts: {implicit: 0, pageLoad: 300000, script: 30000}, unhandledPromptBehavior: dismiss and notify, webauthn:extension:credBlob: true, webauthn:extension:largeBlob: true, webauthn:extension:minPinLength: true, webauthn:extension:prf: true, webauthn:virtualAuthenticators: true}
Element: [[EdgeDriver: MicrosoftEdge on windows (1336f09335357c43ce6c5c7fce03442b)] -&amp;gt; id: login2]
Session ID: 1336f09335357c43ce6c5c7fce03442b">
      <![CDATA[org.openqa.selenium.StaleElementReferenceException: stale element reference: stale element not found
  (Session info: MicrosoftEdge=147.0.3912.72)
For documentation on this error, please visit: https://www.selenium.dev/documentation/webdriver/troubleshooting/errors#staleelementreferenceexception
Build info: version: '4.43.0', revision: 'dd0f534'
System info: os.name: 'Windows 11', os.arch: 'amd64', os.version: '10.0', java.version: '21.0.9'
Driver info: org.openqa.selenium.edge.EdgeDriver
Command: [1336f09335357c43ce6c5c7fce03442b, clickElement {id=f.EC5D7B3BD956E95432F09ED157CBF20C.d.57F611D3F0B10F48AA4471CD1E8D3D26.e.40}]
Capabilities {acceptInsecureCerts: false, browserName: MicrosoftEdge, browserVersion: 147.0.3912.72, fedcm:accounts: true, goog:processID: 14460, ms:edgeOptions: {debuggerAddress: localhost:55168}, msedge: {msedgedriverVersion: 147.0.3912.72 (d4380ba2b9dc..., userDataDir: C:\Users\TAMILA~1\AppData\L...}, networkConnectionEnabled: false, pageLoadStrategy: normal, platformName: windows, proxy: Proxy(), se:cdp: ws://localhost:55168/devtoo..., se:cdpVersion: 147.0.3912.72, setWindowRect: true, strictFileInteractability: false, timeouts: {implicit: 0, pageLoad: 300000, script: 30000}, unhandledPromptBehavior: dismiss and notify, webauthn:extension:credBlob: true, webauthn:extension:largeBlob: true, webauthn:extension:minPinLength: true, webauthn:extension:prf: true, webauthn:virtualAuthenticators: true}
Element: [[EdgeDriver: MicrosoftEdge on windows (1336f09335357c43ce6c5c7fce03442b)] -> id: login2]
Session ID: 1336f09335357c43ce6c5c7fce03442b
at org.openqa.selenium.remote.ErrorCodec.decode(ErrorCodec.java:169)
at org.openqa.selenium.remote.codec.w3c.W3CHttpResponseCodec.decode(W3CHttpResponseCodec.java:142)
at org.openqa.selenium.remote.codec.w3c.W3CHttpResponseCodec.decode(W3CHttpResponseCodec.java:49)
at org.openqa.selenium.remote.HttpCommandExecutor.execute(HttpCommandExecutor.java:223)
at org.openqa.selenium.remote.service.DriverCommandExecutor.invokeExecute(DriverCommandExecutor.java:216)
at org.openqa.selenium.remote.service.DriverCommandExecutor.execute(DriverCommandExecutor.java:174)
at org.openqa.selenium.remote.RemoteWebDriver.execute(RemoteWebDriver.java:606)
at org.openqa.selenium.remote.RemoteWebElement.execute(RemoteWebElement.java:223)
at org.openqa.selenium.remote.RemoteWebElement.click(RemoteWebElement.java:76)
at Demoblaze_application.invalidTest(Demoblaze_application.java:53)
at java.base/java.util.ArrayList.forEach(ArrayList.java:1596)
... Removed 25 stack frames]]>
    </failure>
  </testcase> <!-- invalidTest -->
  <testcase classname="Demoblaze_application" name="invalidTest2" time="1.143"/>
</testsuite> <!-- Login Test -->
